<?xml version="1.0" encoding="UTF-8"?>
<!-- Generated by org.testng.reporters.JUnitReportReporter -->
<testsuite hostname="DESKTOP-H0S5MQL" failures="0" tests="1" name="pack1.TestonLocalAPIS" time="3.437" errors="0" timestamp="2023-08-19T17:22:55 IST" skipped="0">
  <testcase classname="pack1.TestonLocalAPIS" name="delete" time="3.437"/>
</testsuite> <!-- pack1.TestonLocalAPIS -->
